Determining if the pthread_create exist failed with the following output:
Change Dir: /home/wolfyre/OOP_indie_studio_2018/CMakeFiles/CMakeTmp

Run Build Command(s):/usr/bin/gmake cmTC_dc2a6/fast 
/usr/bin/gmake -f CMakeFiles/cmTC_dc2a6.dir/build.make CMakeFiles/cmTC_dc2a6.dir/build
gmake[1]: Entering directory '/home/wolfyre/OOP_indie_studio_2018/CMakeFiles/CMakeTmp'
Building C object CMakeFiles/cmTC_dc2a6.dir/CheckSymbolExists.c.o
/usr/bin/cc    -o CMakeFiles/cmTC_dc2a6.dir/CheckSymbolExists.c.o   -c /home/wolfyre/OOP_indie_studio_2018/CMakeFiles/CMakeTmp/CheckSymbolExists.c
Linking C executable cmTC_dc2a6
/usr/bin/cmake -E cmake_link_script CMakeFiles/cmTC_dc2a6.dir/link.txt --verbose=1
/usr/bin/cc      CMakeFiles/cmTC_dc2a6.dir/CheckSymbolExists.c.o  -o cmTC_dc2a6 
/usr/bin/ld: CMakeFiles/cmTC_dc2a6.dir/CheckSymbolExists.c.o: in function `main':
CheckSymbolExists.c:(.text+0x16): undefined reference to `pthread_create'
collect2: error: ld returned 1 exit status
gmake[1]: *** [CMakeFiles/cmTC_dc2a6.dir/build.make:87: cmTC_dc2a6] Error 1
gmake[1]: Leaving directory '/home/wolfyre/OOP_indie_studio_2018/CMakeFiles/CMakeTmp'
gmake: *** [Makefile:121: cmTC_dc2a6/fast] Error 2

File /home/wolfyre/OOP_indie_studio_2018/CMakeFiles/CMakeTmp/CheckSymbolExists.c:
/* */
#include <pthread.h>

int main(int argc, char** argv)
{
  (void)argv;
#ifndef pthread_create
  return ((int*)(&pthread_create))[argc];
#else
  (void)argc;
  return 0;
#endif
}

Determining if the function pthread_create exists in the pthreads failed with the following output:
Change Dir: /home/wolfyre/OOP_indie_studio_2018/CMakeFiles/CMakeTmp

Run Build Command(s):/usr/bin/gmake cmTC_16a65/fast 
/usr/bin/gmake -f CMakeFiles/cmTC_16a65.dir/build.make CMakeFiles/cmTC_16a65.dir/build
gmake[1]: Entering directory '/home/wolfyre/OOP_indie_studio_2018/CMakeFiles/CMakeTmp'
Building C object CMakeFiles/cmTC_16a65.dir/CheckFunctionExists.c.o
/usr/bin/cc   -DCHECK_FUNCTION_EXISTS=pthread_create   -o CMakeFiles/cmTC_16a65.dir/CheckFunctionExists.c.o   -c /usr/share/cmake/Modules/CheckFunctionExists.c
Linking C executable cmTC_16a65
/usr/bin/cmake -E cmake_link_script CMakeFiles/cmTC_16a65.dir/link.txt --verbose=1
/usr/bin/cc  -DCHECK_FUNCTION_EXISTS=pthread_create    CMakeFiles/cmTC_16a65.dir/CheckFunctionExists.c.o  -o cmTC_16a65 -lpthreads 
/usr/bin/ld: cannot find -lpthreads
collect2: error: ld returned 1 exit status
gmake[1]: *** [CMakeFiles/cmTC_16a65.dir/build.make:87: cmTC_16a65] Error 1
gmake[1]: Leaving directory '/home/wolfyre/OOP_indie_studio_2018/CMakeFiles/CMakeTmp'
gmake: *** [Makefile:121: cmTC_16a65/fast] Error 2


Performing C SOURCE FILE Test CMAKE_HAVE_LIBC_PTHREAD failed with the following output:
Change Dir: /home/wolfyre/OOP_indie_studio_2018/CMakeFiles/CMakeTmp

Run Build Command(s):/usr/bin/gmake cmTC_c00cf/fast && gmake[1]: Entering directory '/home/wolfyre/OOP_indie_studio_2018/CMakeFiles/CMakeTmp'
/usr/bin/gmake  -f CMakeFiles/cmTC_c00cf.dir/build.make CMakeFiles/cmTC_c00cf.dir/build
gmake[2]: Entering directory '/home/wolfyre/OOP_indie_studio_2018/CMakeFiles/CMakeTmp'
Building C object CMakeFiles/cmTC_c00cf.dir/src.c.o
/usr/bin/cc   -DCMAKE_HAVE_LIBC_PTHREAD   -o CMakeFiles/cmTC_c00cf.dir/src.c.o   -c /home/wolfyre/OOP_indie_studio_2018/CMakeFiles/CMakeTmp/src.c
Linking C executable cmTC_c00cf
/usr/bin/cmake -E cmake_link_script CMakeFiles/cmTC_c00cf.dir/link.txt --verbose=1
/usr/bin/cc  -DCMAKE_HAVE_LIBC_PTHREAD    CMakeFiles/cmTC_c00cf.dir/src.c.o  -o cmTC_c00cf 
/usr/bin/ld: CMakeFiles/cmTC_c00cf.dir/src.c.o: in function `main':
src.c:(.text+0x2d): undefined reference to `pthread_create'
/usr/bin/ld: src.c:(.text+0x39): undefined reference to `pthread_detach'
/usr/bin/ld: src.c:(.text+0x45): undefined reference to `pthread_cancel'
/usr/bin/ld: src.c:(.text+0x56): undefined reference to `pthread_join'
collect2: error: ld returned 1 exit status
gmake[2]: *** [CMakeFiles/cmTC_c00cf.dir/build.make:107: cmTC_c00cf] Error 1
gmake[2]: Leaving directory '/home/wolfyre/OOP_indie_studio_2018/CMakeFiles/CMakeTmp'
gmake[1]: *** [Makefile:141: cmTC_c00cf/fast] Error 2
gmake[1]: Leaving directory '/home/wolfyre/OOP_indie_studio_2018/CMakeFiles/CMakeTmp'


Source file was:
#include <pthread.h>

void* test_func(void* data)
{
  return data;
}

int main(void)
{
  pthread_t thread;
  pthread_create(&thread, NULL, test_func, NULL);
  pthread_detach(thread);
  pthread_cancel(thread);
  pthread_join(thread, NULL);
  pthread_atfork(NULL, NULL, NULL);
  pthread_exit(NULL);

  return 0;
}

